<?xml version="1.0" encoding="UTF-8"?>
<coverage generated="1625142601894" clover="3.2.0">
  <project timestamp="1625142601894" name="All files">
    <metrics statements="42" coveredstatements="42" conditionals="4" coveredconditionals="4" methods="15" coveredmethods="15" elements="61" coveredelements="61" complexity="0" loc="42" ncloc="42" packages="1" files="6" classes="6"/>
    <file name="Airport.js" path="C:\Users\V591687\Desktop\multiverse stuff\airport\Airport.js">
      <metrics statements="6" coveredstatements="6" conditionals="0" coveredconditionals="0" methods="2" coveredmethods="2"/>
      <line num="1" count="3" type="stmt"/>
      <line num="5" count="3" type="stmt"/>
      <line num="8" count="4" type="stmt"/>
      <line num="10" count="4" type="stmt"/>
      <line num="15" count="4" type="stmt"/>
      <line num="20" count="3" type="stmt"/>
    </file>
    <file name="Bag.js" path="C:\Users\V591687\Desktop\multiverse stuff\airport\Bag.js">
      <metrics statements="2" coveredstatements="2" conditionals="0" coveredconditionals="0" methods="1" coveredmethods="1"/>
      <line num="3" count="14" type="stmt"/>
      <line num="11" count="6" type="stmt"/>
    </file>
    <file name="Crew.js" path="C:\Users\V591687\Desktop\multiverse stuff\airport\Crew.js">
      <metrics statements="3" coveredstatements="3" conditionals="0" coveredconditionals="0" methods="1" coveredmethods="1"/>
      <line num="1" count="4" type="stmt"/>
      <line num="5" count="3" type="stmt"/>
      <line num="8" count="4" type="stmt"/>
    </file>
    <file name="Passenger.js" path="C:\Users\V591687\Desktop\multiverse stuff\airport\Passenger.js">
      <metrics statements="6" coveredstatements="6" conditionals="0" coveredconditionals="0" methods="3" coveredmethods="3"/>
      <line num="2" count="3" type="stmt"/>
      <line num="5" count="7" type="stmt"/>
      <line num="6" count="7" type="stmt"/>
      <line num="9" count="1" type="stmt"/>
      <line num="12" count="1" type="stmt"/>
      <line num="15" count="3" type="stmt"/>
    </file>
    <file name="Person.js" path="C:\Users\V591687\Desktop\multiverse stuff\airport\Person.js">
      <metrics statements="10" coveredstatements="10" conditionals="0" coveredconditionals="0" methods="2" coveredmethods="2"/>
      <line num="1" count="5" type="stmt"/>
      <line num="6" count="12" type="stmt"/>
      <line num="7" count="12" type="stmt"/>
      <line num="8" count="12" type="stmt"/>
      <line num="12" count="13" type="stmt"/>
      <line num="13" count="13" type="stmt"/>
      <line num="14" count="13" type="stmt"/>
      <line num="15" count="13" type="stmt"/>
      <line num="16" count="13" type="stmt"/>
      <line num="20" count="5" type="stmt"/>
    </file>
    <file name="Plane.js" path="C:\Users\V591687\Desktop\multiverse stuff\airport\Plane.js">
      <metrics statements="15" coveredstatements="15" conditionals="4" coveredconditionals="4" methods="6" coveredmethods="6"/>
      <line num="1" count="3" type="stmt"/>
      <line num="2" count="3" type="stmt"/>
      <line num="5" count="3" type="stmt"/>
      <line num="9" count="3" type="stmt"/>
      <line num="10" count="3" type="stmt"/>
      <line num="13" count="2" type="stmt"/>
      <line num="16" count="2" type="stmt"/>
      <line num="19" count="9" type="cond" truecount="2" falsecount="0"/>
      <line num="20" count="6" type="stmt"/>
      <line num="21" count="7" type="stmt"/>
      <line num="23" count="3" type="cond" truecount="2" falsecount="0"/>
      <line num="24" count="2" type="stmt"/>
      <line num="25" count="2" type="stmt"/>
      <line num="26" count="1" type="stmt"/>
      <line num="40" count="3" type="stmt"/>
    </file>
  </project>
</coverage>
