{"C:\\Users\\V591687\\Desktop\\multiverse stuff\\airport\\Airport.js": {"path":"C:\\Users\\V591687\\Desktop\\multiverse stuff\\airport\\Airport.js","statementMap":{"0":{"start":{"line":1,"column":14},"end":{"line":1,"column":32}},"1":{"start":{"line":5,"column":18},"end":{"line":5,"column":20}},"2":{"start":{"line":8,"column":2},"end":{"line":9,"column":18}},"3":{"start":{"line":10,"column":2},"end":{"line":10,"column":38}},"4":{"start":{"line":15,"column":2},"end":{"line":15,"column":25}},"5":{"start":{"line":20,"column":0},"end":{"line":20,"column":24}}},"fnMap":{"0":{"name":"(anonymous_0)","decl":{"start":{"line":7,"column":1},"end":{"line":7,"column":2}},"loc":{"start":{"line":7,"column":19},"end":{"line":12,"column":2}},"line":7},"1":{"name":"(anonymous_1)","decl":{"start":{"line":13,"column":1},"end":{"line":13,"column":2}},"loc":{"start":{"line":13,"column":16},"end":{"line":16,"column":2}},"line":13}},"branchMap":{},"s":{"0":3,"1":3,"2":4,"3":4,"4":4,"5":3},"f":{"0":4,"1":4},"b":{},"_coverageSchema":"1a1c01bbd47fc00a2c39e90264f33305004495a9","hash":"e36942ff500710a05023a9c204f82aff3d11f657"}
,"C:\\Users\\V591687\\Desktop\\multiverse stuff\\airport\\Bag.js": {"path":"C:\\Users\\V591687\\Desktop\\multiverse stuff\\airport\\Bag.js","statementMap":{"0":{"start":{"line":3,"column":8},"end":{"line":4,"column":30}},"1":{"start":{"line":11,"column":0},"end":{"line":11,"column":20}}},"fnMap":{"0":{"name":"(anonymous_0)","decl":{"start":{"line":2,"column":4},"end":{"line":2,"column":5}},"loc":{"start":{"line":2,"column":32},"end":{"line":5,"column":5}},"line":2}},"branchMap":{},"s":{"0":14,"1":6},"f":{"0":14},"b":{},"_coverageSchema":"1a1c01bbd47fc00a2c39e90264f33305004495a9","hash":"f77a1fe7684020999c60562d131e8c40bb83d3b9"}
,"C:\\Users\\V591687\\Desktop\\multiverse stuff\\airport\\Crew.js": {"path":"C:\\Users\\V591687\\Desktop\\multiverse stuff\\airport\\Crew.js","statementMap":{"0":{"start":{"line":1,"column":15},"end":{"line":1,"column":34}},"1":{"start":{"line":5,"column":8},"end":{"line":5,"column":19}},"2":{"start":{"line":8,"column":0},"end":{"line":8,"column":21}}},"fnMap":{"0":{"name":"(anonymous_0)","decl":{"start":{"line":4,"column":4},"end":{"line":4,"column":5}},"loc":{"start":{"line":4,"column":21},"end":{"line":6,"column":5}},"line":4}},"branchMap":{},"s":{"0":4,"1":3,"2":4},"f":{"0":3},"b":{},"_coverageSchema":"1a1c01bbd47fc00a2c39e90264f33305004495a9","hash":"ce10cc5e9feb776138c4e733fe22e249fe9ab3c3"}
,"C:\\Users\\V591687\\Desktop\\multiverse stuff\\airport\\Passenger.js": {"path":"C:\\Users\\V591687\\Desktop\\multiverse stuff\\airport\\Passenger.js","statementMap":{"0":{"start":{"line":2,"column":15},"end":{"line":2,"column":34}},"1":{"start":{"line":5,"column":8},"end":{"line":5,"column":19}},"2":{"start":{"line":6,"column":8},"end":{"line":6,"column":34}},"3":{"start":{"line":9,"column":8},"end":{"line":9,"column":75}},"4":{"start":{"line":12,"column":8},"end":{"line":12,"column":57}},"5":{"start":{"line":15,"column":0},"end":{"line":15,"column":26}}},"fnMap":{"0":{"name":"(anonymous_0)","decl":{"start":{"line":4,"column":4},"end":{"line":4,"column":5}},"loc":{"start":{"line":4,"column":31},"end":{"line":7,"column":5}},"line":4},"1":{"name":"(anonymous_1)","decl":{"start":{"line":8,"column":4},"end":{"line":8,"column":5}},"loc":{"start":{"line":8,"column":19},"end":{"line":10,"column":5}},"line":8},"2":{"name":"(anonymous_2)","decl":{"start":{"line":11,"column":4},"end":{"line":11,"column":5}},"loc":{"start":{"line":11,"column":13},"end":{"line":13,"column":5}},"line":11}},"branchMap":{},"s":{"0":3,"1":7,"2":7,"3":1,"4":1,"5":3},"f":{"0":7,"1":1,"2":1},"b":{},"_coverageSchema":"1a1c01bbd47fc00a2c39e90264f33305004495a9","hash":"10dfe08ac70669a377db5688302ccf9bcc26f4b7"}
,"C:\\Users\\V591687\\Desktop\\multiverse stuff\\airport\\Person.js": {"path":"C:\\Users\\V591687\\Desktop\\multiverse stuff\\airport\\Person.js","statementMap":{"0":{"start":{"line":1,"column":12},"end":{"line":1,"column":28}},"1":{"start":{"line":6,"column":8},"end":{"line":6,"column":24}},"2":{"start":{"line":7,"column":8},"end":{"line":7,"column":22}},"3":{"start":{"line":8,"column":8},"end":{"line":8,"column":26}},"4":{"start":{"line":12,"column":18},"end":{"line":12,"column":43}},"5":{"start":{"line":13,"column":22},"end":{"line":13,"column":38}},"6":{"start":{"line":14,"column":18},"end":{"line":14,"column":42}},"7":{"start":{"line":15,"column":8},"end":{"line":15,"column":28}},"8":{"start":{"line":16,"column":8},"end":{"line":16,"column":25}},"9":{"start":{"line":20,"column":0},"end":{"line":20,"column":23}}},"fnMap":{"0":{"name":"(anonymous_0)","decl":{"start":{"line":5,"column":4},"end":{"line":5,"column":5}},"loc":{"start":{"line":5,"column":21},"end":{"line":9,"column":5}},"line":5},"1":{"name":"(anonymous_1)","decl":{"start":{"line":11,"column":4},"end":{"line":11,"column":5}},"loc":{"start":{"line":11,"column":31},"end":{"line":17,"column":5}},"line":11}},"branchMap":{},"s":{"0":5,"1":12,"2":12,"3":12,"4":13,"5":13,"6":13,"7":13,"8":13,"9":5},"f":{"0":12,"1":13},"b":{},"_coverageSchema":"1a1c01bbd47fc00a2c39e90264f33305004495a9","hash":"74a168e4b4300550471350918c3bfae52d45582f"}
,"C:\\Users\\V591687\\Desktop\\multiverse stuff\\airport\\Plane.js": {"path":"C:\\Users\\V591687\\Desktop\\multiverse stuff\\airport\\Plane.js","statementMap":{"0":{"start":{"line":1,"column":18},"end":{"line":1,"column":40}},"1":{"start":{"line":2,"column":13},"end":{"line":2,"column":30}},"2":{"start":{"line":5,"column":8},"end":{"line":8,"column":28}},"3":{"start":{"line":9,"column":8},"end":{"line":9,"column":22}},"4":{"start":{"line":10,"column":8},"end":{"line":10,"column":26}},"5":{"start":{"line":13,"column":8},"end":{"line":13,"column":30}},"6":{"start":{"line":16,"column":8},"end":{"line":16,"column":34}},"7":{"start":{"line":19,"column":8},"end":{"line":26,"column":89}},"8":{"start":{"line":20,"column":8},"end":{"line":20,"column":39}},"9":{"start":{"line":21,"column":8},"end":{"line":21,"column":71}},"10":{"start":{"line":21,"column":42},"end":{"line":21,"column":70}},"11":{"start":{"line":23,"column":13},"end":{"line":26,"column":89}},"12":{"start":{"line":24,"column":12},"end":{"line":24,"column":37}},"13":{"start":{"line":25,"column":12},"end":{"line":25,"column":75}},"14":{"start":{"line":25,"column":46},"end":{"line":25,"column":74}},"15":{"start":{"line":26,"column":16},"end":{"line":26,"column":88}},"16":{"start":{"line":40,"column":0},"end":{"line":40,"column":22}}},"fnMap":{"0":{"name":"(anonymous_0)","decl":{"start":{"line":4,"column":4},"end":{"line":4,"column":5}},"loc":{"start":{"line":4,"column":24},"end":{"line":11,"column":5}},"line":4},"1":{"name":"(anonymous_1)","decl":{"start":{"line":12,"column":4},"end":{"line":12,"column":5}},"loc":{"start":{"line":12,"column":22},"end":{"line":14,"column":5}},"line":12},"2":{"name":"(anonymous_2)","decl":{"start":{"line":15,"column":4},"end":{"line":15,"column":5}},"loc":{"start":{"line":15,"column":27},"end":{"line":17,"column":5}},"line":15},"3":{"name":"(anonymous_3)","decl":{"start":{"line":18,"column":4},"end":{"line":18,"column":5}},"loc":{"start":{"line":18,"column":29},"end":{"line":27,"column":5}},"line":18},"4":{"name":"(anonymous_4)","decl":{"start":{"line":21,"column":31},"end":{"line":21,"column":32}},"loc":{"start":{"line":21,"column":42},"end":{"line":21,"column":70}},"line":21},"5":{"name":"(anonymous_5)","decl":{"start":{"line":25,"column":35},"end":{"line":25,"column":36}},"loc":{"start":{"line":25,"column":46},"end":{"line":25,"column":74}},"line":25}},"branchMap":{"0":{"loc":{"start":{"line":19,"column":8},"end":{"line":26,"column":89}},"type":"if","locations":[{"start":{"line":19,"column":8},"end":{"line":26,"column":89}},{"start":{"line":19,"column":8},"end":{"line":26,"column":89}}],"line":19},"1":{"loc":{"start":{"line":23,"column":13},"end":{"line":26,"column":89}},"type":"if","locations":[{"start":{"line":23,"column":13},"end":{"line":26,"column":89}},{"start":{"line":23,"column":13},"end":{"line":26,"column":89}}],"line":23}},"s":{"0":3,"1":3,"2":3,"3":3,"4":3,"5":2,"6":2,"7":9,"8":6,"9":6,"10":7,"11":3,"12":2,"13":2,"14":1,"15":1,"16":3},"f":{"0":3,"1":2,"2":2,"3":9,"4":7,"5":1},"b":{"0":[6,3],"1":[2,1]},"_coverageSchema":"1a1c01bbd47fc00a2c39e90264f33305004495a9","hash":"18aa430c8132b2d32a346e3333bb132a42f087b6"}
}
