TN:
SF:Airport.js
FN:7,(anonymous_0)
FN:13,(anonymous_1)
FNF:2
FNH:2
FNDA:4,(anonymous_0)
FNDA:4,(anonymous_1)
DA:1,3
DA:5,3
DA:8,4
DA:10,4
DA:15,4
DA:20,3
LF:6
LH:6
BRF:0
BRH:0
end_of_record
TN:
SF:Bag.js
FN:2,(anonymous_0)
FNF:1
FNH:1
FNDA:14,(anonymous_0)
DA:3,14
DA:11,6
LF:2
LH:2
BRF:0
BRH:0
end_of_record
TN:
SF:Crew.js
FN:4,(anonymous_0)
FNF:1
FNH:1
FNDA:3,(anonymous_0)
DA:1,4
DA:5,3
DA:8,4
LF:3
LH:3
BRF:0
BRH:0
end_of_record
TN:
SF:Passenger.js
FN:4,(anonymous_0)
FN:8,(anonymous_1)
FN:11,(anonymous_2)
FNF:3
FNH:3
FNDA:7,(anonymous_0)
FNDA:1,(anonymous_1)
FNDA:1,(anonymous_2)
DA:2,3
DA:5,7
DA:6,7
DA:9,1
DA:12,1
DA:15,3
LF:6
LH:6
BRF:0
BRH:0
end_of_record
TN:
SF:Person.js
FN:5,(anonymous_0)
FN:11,(anonymous_1)
FNF:2
FNH:2
FNDA:12,(anonymous_0)
FNDA:13,(anonymous_1)
DA:1,5
DA:6,12
DA:7,12
DA:8,12
DA:12,13
DA:13,13
DA:14,13
DA:15,13
DA:16,13
DA:20,5
LF:10
LH:10
BRF:0
BRH:0
end_of_record
TN:
SF:Plane.js
FN:4,(anonymous_0)
FN:12,(anonymous_1)
FN:15,(anonymous_2)
FN:18,(anonymous_3)
FN:21,(anonymous_4)
FN:25,(anonymous_5)
FNF:6
FNH:6
FNDA:3,(anonymous_0)
FNDA:2,(anonymous_1)
FNDA:2,(anonymous_2)
FNDA:9,(anonymous_3)
FNDA:7,(anonymous_4)
FNDA:1,(anonymous_5)
DA:1,3
DA:2,3
DA:5,3
DA:9,3
DA:10,3
DA:13,2
DA:16,2
DA:19,9
DA:20,6
DA:21,7
DA:23,3
DA:24,2
DA:25,2
DA:26,1
DA:40,3
LF:15
LH:15
BRDA:19,0,0,6
BRDA:19,0,1,3
BRDA:23,1,0,2
BRDA:23,1,1,1
BRF:4
BRH:4
end_of_record
